<?xml version="1.0" encoding="UTF-8"?>
<robot generator="Robot 3.2.1 (Python 3.7.0 on win32)" generated="20200807 16:20:41.638" rpa="false">
<suite id="s1" name="BC Test" source="C:\Users\Gandhi Buddha.GANDHIB-1LL\PycharmProjects\ProformaIframeAutomation\Test_Suite\BC_Test.robot">
<test id="s1-t1" name="Configure business cards">
<kw name="Open Browser" library="SeleniumLibrary">
<doc>Opens a new browser instance to the given ``url``.</doc>
<arguments>
<arg>http://localhost:8081/</arg>
<arg>chrome</arg>
</arguments>
<msg timestamp="20200807 16:20:43.096" level="INFO">Opening browser 'chrome' to base url 'http://localhost:8081/'.</msg>
<status status="PASS" starttime="20200807 16:20:43.096" endtime="20200807 16:21:02.252"></status>
</kw>
<kw name="Maximize Browser Window" library="SeleniumLibrary">
<doc>Maximizes current browser window.</doc>
<status status="PASS" starttime="20200807 16:21:02.268" endtime="20200807 16:21:06.439"></status>
</kw>
<kw name="Click Button" library="SeleniumLibrary">
<doc>Clicks button identified by ``locator``.</doc>
<arguments>
<arg>css:button[id='submitInfo']</arg>
</arguments>
<msg timestamp="20200807 16:21:06.447" level="INFO">Clicking button 'css:button[id='submitInfo']'.</msg>
<status status="PASS" starttime="20200807 16:21:06.439" endtime="20200807 16:21:06.764"></status>
</kw>
<kw name="Set Selenium Speed" library="SeleniumLibrary">
<doc>Sets the delay that is waited after each Selenium command.</doc>
<arguments>
<arg>2 seconds</arg>
</arguments>
<status status="PASS" starttime="20200807 16:21:06.764" endtime="20200807 16:21:06.768"></status>
</kw>
<kw name="Select Frame" library="SeleniumLibrary">
<doc>Sets frame identified by ``locator`` as the current frame.</doc>
<arguments>
<arg>id=iframe</arg>
</arguments>
<msg timestamp="20200807 16:21:06.776" level="INFO">Selecting frame 'id=iframe'.</msg>
<status status="PASS" starttime="20200807 16:21:06.772" endtime="20200807 16:21:10.852"></status>
</kw>
<kw name="Set Selenium Timeout" library="SeleniumLibrary">
<doc>Sets the timeout that is used by various keywords.</doc>
<arguments>
<arg>20 seconds</arg>
</arguments>
<status status="PASS" starttime="20200807 16:21:10.852" endtime="20200807 16:21:12.860"></status>
</kw>
<kw name="Wait Until Element Is Visible" library="SeleniumLibrary">
<doc>Waits until element ``locator`` is visible.</doc>
<arguments>
<arg>${BC_Link}</arg>
</arguments>
<status status="PASS" starttime="20200807 16:21:12.860" endtime="20200807 16:21:19.471"></status>
</kw>
<kw name="Click Element" library="SeleniumLibrary">
<doc>Click element identified by ``locator``.</doc>
<arguments>
<arg>${BC_Link}</arg>
</arguments>
<msg timestamp="20200807 16:21:19.471" level="INFO">Clicking element 'xpath://a[contains(text(),'Business Cards')]'.</msg>
<status status="PASS" starttime="20200807 16:21:19.471" endtime="20200807 16:21:24.137"></status>
</kw>
<kw name="Unselect Frame" library="SeleniumLibrary">
<doc>Sets the main frame as the current frame.</doc>
<status status="PASS" starttime="20200807 16:21:24.137" endtime="20200807 16:21:26.152"></status>
</kw>
<kw name="Select Frame" library="SeleniumLibrary">
<doc>Sets frame identified by ``locator`` as the current frame.</doc>
<arguments>
<arg>xpath://*[@id='iframe']</arg>
</arguments>
<msg timestamp="20200807 16:21:26.152" level="INFO">Selecting frame 'xpath://*[@id='iframe']'.</msg>
<status status="PASS" starttime="20200807 16:21:26.152" endtime="20200807 16:21:30.286"></status>
</kw>
<kw name="Wait Until Element Is Visible" library="SeleniumLibrary">
<doc>Waits until element ``locator`` is visible.</doc>
<arguments>
<arg>${BC_Product_Type}</arg>
</arguments>
<status status="PASS" starttime="20200807 16:21:30.286" endtime="20200807 16:21:34.408"></status>
</kw>
<kw name="Select From List By Index" library="SeleniumLibrary">
<doc>Selects options from selection list ``locator`` by ``indexes``.</doc>
<arguments>
<arg>${BC_Product_Type}</arg>
<arg>1</arg>
</arguments>
<msg timestamp="20200807 16:21:34.408" level="INFO">Selecting options from selection list 'xpath://select[@name='Product Type']' by index 1.</msg>
<status status="PASS" starttime="20200807 16:21:34.408" endtime="20200807 16:21:52.894"></status>
</kw>
<kw name="Set Selenium Implicit Wait" library="SeleniumLibrary">
<doc>Sets the implicit wait value used by Selenium.</doc>
<arguments>
<arg>20 seconds</arg>
</arguments>
<status status="PASS" starttime="20200807 16:21:52.894" endtime="20200807 16:21:54.895"></status>
</kw>
<kw name="Wait Until Element Is Visible" library="SeleniumLibrary">
<doc>Waits until element ``locator`` is visible.</doc>
<arguments>
<arg>${BC_Product_Orientation}</arg>
</arguments>
<status status="PASS" starttime="20200807 16:21:54.895" endtime="20200807 16:21:58.980"></status>
</kw>
<kw name="Select From List By Index" library="SeleniumLibrary">
<doc>Selects options from selection list ``locator`` by ``indexes``.</doc>
<arguments>
<arg>${BC_Product_Orientation}</arg>
<arg>1</arg>
</arguments>
<msg timestamp="20200807 16:21:58.980" level="INFO">Selecting options from selection list 'css:select[name='Product Orientation']' by index 1.</msg>
<status status="PASS" starttime="20200807 16:21:58.980" endtime="20200807 16:22:17.227"></status>
</kw>
<kw name="Wait Until Element Is Visible" library="SeleniumLibrary">
<doc>Waits until element ``locator`` is visible.</doc>
<arguments>
<arg>${BC_Stock}</arg>
</arguments>
<msg timestamp="20200807 16:22:19.286" level="INFO">Suppressing StaleElementReferenceException from Selenium.</msg>
<status status="PASS" starttime="20200807 16:22:17.227" endtime="20200807 16:22:23.543"></status>
</kw>
<kw name="Select From List By Index" library="SeleniumLibrary">
<doc>Selects options from selection list ``locator`` by ``indexes``.</doc>
<arguments>
<arg>${BC_Stock}</arg>
<arg>1</arg>
</arguments>
<msg timestamp="20200807 16:22:23.543" level="INFO">Selecting options from selection list 'css:select[name='Stock']' by index 1.</msg>
<status status="PASS" starttime="20200807 16:22:23.543" endtime="20200807 16:22:41.801"></status>
</kw>
<kw name="Wait Until Element Is Visible" library="SeleniumLibrary">
<doc>Waits until element ``locator`` is visible.</doc>
<arguments>
<arg>${BC_Coating}</arg>
</arguments>
<msg timestamp="20200807 16:22:43.859" level="INFO">Suppressing StaleElementReferenceException from Selenium.</msg>
<status status="PASS" starttime="20200807 16:22:41.801" endtime="20200807 16:22:48.121"></status>
</kw>
<kw name="Select From List By Index" library="SeleniumLibrary">
<doc>Selects options from selection list ``locator`` by ``indexes``.</doc>
<arguments>
<arg>${BC_Coating}</arg>
<arg>1</arg>
</arguments>
<msg timestamp="20200807 16:22:48.121" level="INFO">Selecting options from selection list '//select[@name='Coating']' by index 1.</msg>
<status status="PASS" starttime="20200807 16:22:48.121" endtime="20200807 16:23:06.432"></status>
</kw>
<kw name="Wait Until Element Is Visible" library="SeleniumLibrary">
<doc>Waits until element ``locator`` is visible.</doc>
<arguments>
<arg>${BC_Colorspec}</arg>
</arguments>
<msg timestamp="20200807 16:23:08.509" level="INFO">Suppressing StaleElementReferenceException from Selenium.</msg>
<status status="PASS" starttime="20200807 16:23:06.432" endtime="20200807 16:23:12.770"></status>
</kw>
<kw name="Select From List By Index" library="SeleniumLibrary">
<doc>Selects options from selection list ``locator`` by ``indexes``.</doc>
<arguments>
<arg>${BC_Colorspec}</arg>
<arg>1</arg>
</arguments>
<msg timestamp="20200807 16:23:12.770" level="INFO">Selecting options from selection list 'css:select[name='Colorspec']' by index 1.</msg>
<status status="PASS" starttime="20200807 16:23:12.770" endtime="20200807 16:23:31.050"></status>
</kw>
<kw name="Wait Until Element Is Enabled" library="SeleniumLibrary">
<doc>Waits until element ``locator`` is enabled.</doc>
<arguments>
<arg>${Next_Button}</arg>
</arguments>
<msg timestamp="20200807 16:23:37.357" level="INFO">Suppressing StaleElementReferenceException from Selenium.</msg>
<status status="PASS" starttime="20200807 16:23:31.050" endtime="20200807 16:23:43.630"></status>
</kw>
<kw name="Click Button" library="SeleniumLibrary">
<doc>Clicks button identified by ``locator``.</doc>
<arguments>
<arg>${Next_Button}</arg>
</arguments>
<msg timestamp="20200807 16:23:43.630" level="INFO">Clicking button 'css:button[id='nextButton']'.</msg>
<status status="PASS" starttime="20200807 16:23:43.630" endtime="20200807 16:23:53.957"></status>
</kw>
<kw name="Unselect Frame" library="SeleniumLibrary">
<doc>Sets the main frame as the current frame.</doc>
<status status="PASS" starttime="20200807 16:23:53.957" endtime="20200807 16:23:55.969"></status>
</kw>
<kw name="Select Frame" library="SeleniumLibrary">
<doc>Sets frame identified by ``locator`` as the current frame.</doc>
<arguments>
<arg>xpath://*[@id='iframe']</arg>
</arguments>
<msg timestamp="20200807 16:23:55.969" level="INFO">Selecting frame 'xpath://*[@id='iframe']'.</msg>
<status status="PASS" starttime="20200807 16:23:55.969" endtime="20200807 16:24:00.109"></status>
</kw>
<kw name="Choose File" library="SeleniumLibrary">
<doc>Inputs the ``file_path`` into file input field ``locator``.</doc>
<arguments>
<arg>css:input[type=file][id='7b3007a1-c296-447b-96cf-ca9d0fb6621a']</arg>
<arg>${EXECDIR}/Test_Files/Preflight_success.jpg</arg>
</arguments>
<status status="PASS" starttime="20200807 16:24:00.117" endtime="20200807 16:24:05.772"></status>
</kw>
<kw name="Get Text" library="SeleniumLibrary">
<doc>Returns the text value of element identified by ``locator``.</doc>
<arguments>
<arg>xpath:(//div[@class='item-price'])[1]</arg>
</arguments>
<assign>
<var>${Product_Price}</var>
</assign>
<msg timestamp="20200807 16:24:09.880" level="INFO">${Product_Price} = $17.01</msg>
<status status="PASS" starttime="20200807 16:24:05.772" endtime="20200807 16:24:09.880"></status>
</kw>
<kw name="Remove String" library="String">
<doc>Removes all ``removables`` from the given ``string``.</doc>
<arguments>
<arg>${Product_Price}</arg>
<arg>,</arg>
<arg>"$"</arg>
</arguments>
<assign>
<var>${price}</var>
</assign>
<msg timestamp="20200807 16:24:09.884" level="INFO">${price} = $17.01</msg>
<status status="PASS" starttime="20200807 16:24:09.880" endtime="20200807 16:24:09.884"></status>
</kw>
<kw name="Get Text" library="SeleniumLibrary">
<doc>Returns the text value of element identified by ``locator``.</doc>
<arguments>
<arg>xpath:(//div[@class='item-price'])[2]</arg>
</arguments>
<assign>
<var>${Shipping}</var>
</assign>
<msg timestamp="20200807 16:24:13.974" level="INFO">${Shipping} = $0.00</msg>
<status status="PASS" starttime="20200807 16:24:09.884" endtime="20200807 16:24:13.975"></status>
</kw>
<kw name="Remove String" library="String">
<doc>Removes all ``removables`` from the given ``string``.</doc>
<arguments>
<arg>${Shipping}</arg>
<arg>,</arg>
<arg>"$"</arg>
</arguments>
<assign>
<var>${Shipping1}</var>
</assign>
<msg timestamp="20200807 16:24:13.979" level="INFO">${Shipping1} = $0.00</msg>
<status status="PASS" starttime="20200807 16:24:13.975" endtime="20200807 16:24:13.979"></status>
</kw>
<kw name="Get Text" library="SeleniumLibrary">
<doc>Returns the text value of element identified by ``locator``.</doc>
<arguments>
<arg>xpath:(//div[@class='item-price'])[3]</arg>
</arguments>
<assign>
<var>${Tax}</var>
</assign>
<msg timestamp="20200807 16:24:18.060" level="INFO">${Tax} = $1.74</msg>
<status status="PASS" starttime="20200807 16:24:13.979" endtime="20200807 16:24:18.060"></status>
</kw>
<kw name="Remove String" library="String">
<doc>Removes all ``removables`` from the given ``string``.</doc>
<arguments>
<arg>${Tax}</arg>
<arg>,</arg>
<arg>"$"</arg>
</arguments>
<assign>
<var>${tax1}</var>
</assign>
<msg timestamp="20200807 16:24:18.068" level="INFO">${tax1} = $1.74</msg>
<status status="PASS" starttime="20200807 16:24:18.064" endtime="20200807 16:24:18.068"></status>
</kw>
<kw name="Get Text" library="SeleniumLibrary">
<doc>Returns the text value of element identified by ``locator``.</doc>
<arguments>
<arg>xpath:(//div[@class='item-price'])[4]</arg>
</arguments>
<assign>
<var>${Total}</var>
</assign>
<msg timestamp="20200807 16:24:22.260" level="INFO">${Total} = $18.75</msg>
<status status="PASS" starttime="20200807 16:24:18.072" endtime="20200807 16:24:22.260"></status>
</kw>
<kw name="Remove String" library="String">
<doc>Removes all ``removables`` from the given ``string``.</doc>
<arguments>
<arg>${Total}</arg>
<arg>,</arg>
<arg>"$"</arg>
</arguments>
<assign>
<var>${Total1}</var>
</assign>
<msg timestamp="20200807 16:24:22.260" level="INFO">${Total1} = $18.75</msg>
<status status="PASS" starttime="20200807 16:24:22.260" endtime="20200807 16:24:22.260"></status>
</kw>
<kw name="Log To Console" library="BuiltIn">
<doc>Logs the given message to the console.</doc>
<arguments>
<arg>the prices are ${Product_Price} ${Shipping} ${Tax} ${Total}</arg>
</arguments>
<status status="PASS" starttime="20200807 16:24:22.260" endtime="20200807 16:24:22.260"></status>
</kw>
<kw name="Click Button" library="SeleniumLibrary">
<doc>Clicks button identified by ``locator``.</doc>
<arguments>
<arg>xpath://button[@style='right: 0px;bottom: 0px;']</arg>
</arguments>
<msg timestamp="20200807 16:24:22.267" level="INFO">Clicking button 'xpath://button[@style='right: 0px;bottom: 0px;']'.</msg>
<status status="PASS" starttime="20200807 16:24:22.267" endtime="20200807 16:24:32.560"></status>
</kw>
<kw name="Unselect Frame" library="SeleniumLibrary">
<doc>Sets the main frame as the current frame.</doc>
<status status="PASS" starttime="20200807 16:24:32.560" endtime="20200807 16:24:34.570"></status>
</kw>
<kw name="Get Value" library="SeleniumLibrary">
<doc>Returns the value attribute of element identified by ``locator``.</doc>
<arguments>
<arg>xpath://textarea[@id='parentMessageRecieved']</arg>
</arguments>
<assign>
<var>${payload_output}</var>
</assign>
<msg timestamp="20200807 16:24:38.614" level="INFO">${payload_output} = {"lineNum":1,"itemNum":"6d6f6c3b-8713-4f68-9e4a-93ba64f86f18","sku":"14PT-BCAIPMATT-2X3.5","itemConfig":{"orderPayload":{"order_id":"Business Cards","skip_conformation":false,"jobs":[{"dropship":"true...</msg>
<status status="PASS" starttime="20200807 16:24:34.570" endtime="20200807 16:24:38.614"></status>
</kw>
<kw name="Log To Console" library="BuiltIn">
<doc>Logs the given message to the console.</doc>
<arguments>
<arg>${payload_output}</arg>
</arguments>
<status status="PASS" starttime="20200807 16:24:38.614" endtime="20200807 16:24:38.646"></status>
</kw>
<kw name="Should Contain" library="BuiltIn">
<doc>Fails if ``container`` does not contain ``item`` one or more times.</doc>
<arguments>
<arg>${payload_output}</arg>
<arg>"extraCharges":[{"code":"tax","description":"total tax","unitCost":"1.74","quantity":1}],"freight":[{"itemNum":"03f","quantity":1,"quantityType":"EA","description":"Free Ground Shipping","unitCost":"0.00","currencyCode":"USD"}]</arg>
</arguments>
<status status="PASS" starttime="20200807 16:24:38.646" endtime="20200807 16:24:38.646"></status>
</kw>
<kw name="Should Contain Any" library="BuiltIn">
<doc>Fails if ``container`` does not contain any of the ``*items``.</doc>
<arguments>
<arg>|</arg>
<arg>${payload_output}</arg>
<arg>|</arg>
<arg>"unitCost":"${tax1}"</arg>
<arg>|</arg>
<arg>"unitCost":"0.00"</arg>
<arg>|</arg>
<arg>"total_price":"${price}"</arg>
<arg>|</arg>
<arg>"shipping_tax_amount":"0.00"</arg>
<arg>|</arg>
<arg>"tax_amount":1.74</arg>
<arg>|</arg>
<arg>"shipping_amount":"${Shipping1}"</arg>
<arg>|</arg>
<arg>"unitCost":"${Shipping1}"</arg>
</arguments>
<status status="PASS" starttime="20200807 16:24:38.654" endtime="20200807 16:24:38.654"></status>
</kw>
<status status="PASS" starttime="20200807 16:20:43.088" endtime="20200807 16:24:38.654" critical="yes"></status>
</test>
<status status="PASS" starttime="20200807 16:20:41.646" endtime="20200807 16:24:38.670"></status>
</suite>
<statistics>
<total>
<stat pass="1" fail="0">Critical Tests</stat>
<stat pass="1" fail="0">All Tests</stat>
</total>
<tag>
</tag>
<suite>
<stat pass="1" fail="0" id="s1" name="BC Test">BC Test</stat>
</suite>
</statistics>
<errors>
</errors>
</robot>
